This file contains any messages produced by compilers while
running configure, to aid debugging if configure makes a mistake.

It was created by configure, which was
generated by GNU Autoconf 2.69.  Invocation command line was

  $ ./configure 

## --------- ##
## Platform. ##
## --------- ##

hostname = ubuntu
uname -m = x86_64
uname -r = 4.15.0-118-generic
uname -s = Linux
uname -v = #119-Ubuntu SMP Tue Sep 8 12:30:01 UTC 2020

/usr/bin/uname -p = unknown
/bin/uname -X     = unknown

/bin/arch              = unknown
/usr/bin/arch -k       = unknown
/usr/convex/getsysinfo = unknown
/usr/bin/hostinfo      = unknown
/bin/machine           = unknown
/usr/bin/oslevel       = unknown
/bin/universe          = unknown

PATH: /root/.opam/default/bin
PATH: /home/baro/.jdks/openjdk-14/bin
PATH: /usr/local/sbin
PATH: /usr/local/bin
PATH: /usr/sbin
PATH: /usr/bin
PATH: /sbin
PATH: /bin
PATH: /snap/bin


## ----------- ##
## Core tests. ##
## ----------- ##

configure:2256: checking build system type
configure:2270: result: x86_64-unknown-linux-gnu
configure:2290: checking host system type
configure:2303: result: x86_64-unknown-linux-gnu
configure:2391: checking for gcc
configure:2407: found /usr/bin/gcc
configure:2418: result: gcc
configure:2449: checking for C compiler version
configure:2458: gcc --version >&5
gcc (Ubuntu 7.5.0-3ubuntu1~18.04) 7.5.0
Copyright (C) 2017 Free Software Foundation, Inc.
This is free software; see the source for copying conditions.  There is NO
warranty; not even for MERCHANTABILITY or FITNESS FOR A PARTICULAR PURPOSE.

configure:2469: $? = 0
configure:2458: gcc -v >&5
Using built-in specs.
COLLECT_GCC=gcc
COLLECT_LTO_WRAPPER=/usr/lib/gcc/x86_64-linux-gnu/7/lto-wrapper
OFFLOAD_TARGET_NAMES=nvptx-none
OFFLOAD_TARGET_DEFAULT=1
Target: x86_64-linux-gnu
Configured with: ../src/configure -v --with-pkgversion='Ubuntu 7.5.0-3ubuntu1~18.04' --with-bugurl=file:///usr/share/doc/gcc-7/README.Bugs --enable-languages=c,ada,c++,go,brig,d,fortran,objc,obj-c++ --prefix=/usr --with-gcc-major-version-only --program-suffix=-7 --program-prefix=x86_64-linux-gnu- --enable-shared --enable-linker-build-id --libexecdir=/usr/lib --without-included-gettext --enable-threads=posix --libdir=/usr/lib --enable-nls --enable-bootstrap --enable-clocale=gnu --enable-libstdcxx-debug --enable-libstdcxx-time=yes --with-default-libstdcxx-abi=new --enable-gnu-unique-object --disable-vtable-verify --enable-libmpx --enable-plugin --enable-default-pie --with-system-zlib --with-target-system-zlib --enable-objc-gc=auto --enable-multiarch --disable-werror --with-arch-32=i686 --with-abi=m64 --with-multilib-list=m32,m64,mx32 --enable-multilib --with-tune=generic --enable-offload-targets=nvptx-none --without-cuda-driver --enable-checking=release --build=x86_64-linux-gnu --host=x86_64-linux-gnu --target=x86_64-linux-gnu
Thread model: posix
gcc version 7.5.0 (Ubuntu 7.5.0-3ubuntu1~18.04) 
configure:2469: $? = 0
configure:2458: gcc -V >&5
gcc: error: unrecognized command line option '-V'
gcc: fatal error: no input files
compilation terminated.
configure:2469: $? = 1
configure:2458: gcc -qversion >&5
gcc: error: unrecognized command line option '-qversion'; did you mean '--version'?
gcc: fatal error: no input files
compilation terminated.
configure:2469: $? = 1
configure:2489: checking whether the C compiler works
configure:2511: gcc    conftest.c  >&5
configure:2515: $? = 0
configure:2563: result: yes
configure:2566: checking for C compiler default output file name
configure:2568: result: a.out
configure:2574: checking for suffix of executables
configure:2581: gcc -o conftest    conftest.c  >&5
configure:2585: $? = 0
configure:2607: result: 
configure:2629: checking whether we are cross compiling
configure:2637: gcc -o conftest    conftest.c  >&5
configure:2641: $? = 0
configure:2648: ./conftest
configure:2652: $? = 0
configure:2667: result: no
configure:2672: checking for suffix of object files
configure:2694: gcc -c   conftest.c >&5
configure:2698: $? = 0
configure:2719: result: o
configure:2723: checking whether we are using the GNU C compiler
configure:2742: gcc -c   conftest.c >&5
configure:2742: $? = 0
configure:2751: result: yes
configure:2760: checking whether gcc accepts -g
configure:2780: gcc -c -g  conftest.c >&5
configure:2780: $? = 0
configure:2821: result: yes
configure:2838: checking for gcc option to accept ISO C89
configure:2901: gcc  -c -g -O2  conftest.c >&5
configure:2901: $? = 0
configure:2914: result: none needed
configure:2950: checking for a BSD-compatible install
configure:3018: result: /usr/bin/install -c
configure:3033: checking target system type
configure:3046: result: x86_64-unknown-linux-gnu
configure:3085: checking for msvc cl.exe (optional)
configure:3101: result: not found
configure:3153: checking for ocamlc
configure:3169: found /usr/bin/ocamlc
configure:3180: result: ocamlc
configure:3205: result: OCaml version is 4.05.0
configure:3214: result: OCaml library path is /usr/lib/ocaml
configure:3264: checking for ocamlopt
configure:3280: found /usr/bin/ocamlopt
configure:3291: result: ocamlopt
configure:3374: checking for ocamlc.opt
configure:3390: found /usr/bin/ocamlc.opt
configure:3401: result: ocamlc.opt
configure:3478: checking for ocamlopt.opt
configure:3494: found /usr/bin/ocamlopt.opt
configure:3505: result: ocamlopt.opt
configure:3544: checking for dynlink.cmxa
configure:3548: result: yes
configure:3602: checking for ocaml
configure:3618: found /root/.opam/default/bin/ocaml
configure:3629: result: ocaml
configure:3696: checking for ocamldep
configure:3712: found /usr/bin/ocamldep
configure:3723: result: ocamldep
configure:3790: checking for ocamlmktop
configure:3806: found /usr/bin/ocamlmktop
configure:3817: result: ocamlmktop
configure:3884: checking for ocamlmklib
configure:3900: found /usr/bin/ocamlmklib
configure:3911: result: ocamlmklib
configure:3978: checking for ocamldoc
configure:3994: found /usr/bin/ocamldoc
configure:4005: result: ocamldoc
configure:4072: checking for ocamlbuild
configure:4088: found /root/.opam/default/bin/ocamlbuild
configure:4099: result: ocamlbuild
configure:4174: checking for ocamllex
configure:4190: found /usr/bin/ocamllex
configure:4201: result: ocamllex
configure:4267: checking for ocamllex.opt
configure:4283: found /usr/bin/ocamllex.opt
configure:4294: result: ocamllex.opt
configure:4369: checking for ocamlyacc
configure:4385: found /usr/bin/ocamlyacc
configure:4396: result: ocamlyacc
configure:4469: checking for ocamlfind
configure:4485: found /root/.opam/default/bin/ocamlfind
configure:4496: result: ocamlfind
configure:4569: checking for perl
configure:4585: found /usr/bin/perl
configure:4596: result: perl
configure:4626: checking for cygpath
configure:4656: result: no
configure:4666: checking for gcc version
configure:4674: checking how to run the C preprocessor
configure:4705: gcc -E  conftest.c
configure:4705: $? = 0
configure:4719: gcc -E  conftest.c
conftest.c:9:10: fatal error: ac_nonexistent.h: No such file or directory
 #include <ac_nonexistent.h>
          ^~~~~~~~~~~~~~~~~~
compilation terminated.
configure:4719: $? = 1
configure: failed program was:
| /* confdefs.h */
| #define PACKAGE_NAME ""
| #define PACKAGE_TARNAME ""
| #define PACKAGE_VERSION ""
| #define PACKAGE_STRING ""
| #define PACKAGE_BUGREPORT ""
| #define PACKAGE_URL ""
| /* end confdefs.h.  */
| #include <ac_nonexistent.h>
configure:4744: result: gcc -E
configure:4764: gcc -E  conftest.c
configure:4764: $? = 0
configure:4778: gcc -E  conftest.c
conftest.c:9:10: fatal error: ac_nonexistent.h: No such file or directory
 #include <ac_nonexistent.h>
          ^~~~~~~~~~~~~~~~~~
compilation terminated.
configure:4778: $? = 1
configure: failed program was:
| /* confdefs.h */
| #define PACKAGE_NAME ""
| #define PACKAGE_TARNAME ""
| #define PACKAGE_VERSION ""
| #define PACKAGE_STRING ""
| #define PACKAGE_BUGREPORT ""
| #define PACKAGE_URL ""
| /* end confdefs.h.  */
| #include <ac_nonexistent.h>
configure:4807: checking for grep that handles long lines and -e
configure:4865: result: /bin/grep
configure:4870: checking for egrep
configure:4932: result: /bin/grep -E
configure:4937: checking for ANSI C header files
configure:4957: gcc -c -g -O2  conftest.c >&5
configure:4957: $? = 0
configure:5030: gcc -o conftest -g -O2   conftest.c  >&5
configure:5030: $? = 0
configure:5030: ./conftest
configure:5030: $? = 0
configure:5041: result: yes
configure:5054: checking for sys/types.h
configure:5054: gcc -c -g -O2  conftest.c >&5
configure:5054: $? = 0
configure:5054: result: yes
configure:5054: checking for sys/stat.h
configure:5054: gcc -c -g -O2  conftest.c >&5
configure:5054: $? = 0
configure:5054: result: yes
configure:5054: checking for stdlib.h
configure:5054: gcc -c -g -O2  conftest.c >&5
configure:5054: $? = 0
configure:5054: result: yes
configure:5054: checking for string.h
configure:5054: gcc -c -g -O2  conftest.c >&5
configure:5054: $? = 0
configure:5054: result: yes
configure:5054: checking for memory.h
configure:5054: gcc -c -g -O2  conftest.c >&5
configure:5054: $? = 0
configure:5054: result: yes
configure:5054: checking for strings.h
configure:5054: gcc -c -g -O2  conftest.c >&5
configure:5054: $? = 0
configure:5054: result: yes
configure:5054: checking for inttypes.h
configure:5054: gcc -c -g -O2  conftest.c >&5
configure:5054: $? = 0
configure:5054: result: yes
configure:5054: checking for stdint.h
configure:5054: gcc -c -g -O2  conftest.c >&5
configure:5054: $? = 0
configure:5054: result: yes
configure:5054: checking for unistd.h
configure:5054: gcc -c -g -O2  conftest.c >&5
configure:5054: $? = 0
configure:5054: result: yes
configure:5066: checking for __builtin_va_list
configure:5066: gcc -c -g -O2  conftest.c >&5
configure:5066: $? = 0
configure:5066: gcc -c -g -O2  conftest.c >&5
conftest.c: In function 'main':
conftest.c:55:32: error: expected expression before ')' token
 if (sizeof ((__builtin_va_list)))
                                ^
configure:5066: $? = 1
configure: failed program was:
| /* confdefs.h */
| #define PACKAGE_NAME ""
| #define PACKAGE_TARNAME ""
| #define PACKAGE_VERSION ""
| #define PACKAGE_STRING ""
| #define PACKAGE_BUGREPORT ""
| #define PACKAGE_URL ""
| #define STDC_HEADERS 1
| #define HAVE_SYS_TYPES_H 1
| #define HAVE_SYS_STAT_H 1
| #define HAVE_STDLIB_H 1
| #define HAVE_STRING_H 1
| #define HAVE_MEMORY_H 1
| #define HAVE_STRINGS_H 1
| #define HAVE_INTTYPES_H 1
| #define HAVE_STDINT_H 1
| #define HAVE_UNISTD_H 1
| /* end confdefs.h.  */
| #include <stdio.h>
| #ifdef HAVE_SYS_TYPES_H
| # include <sys/types.h>
| #endif
| #ifdef HAVE_SYS_STAT_H
| # include <sys/stat.h>
| #endif
| #ifdef STDC_HEADERS
| # include <stdlib.h>
| # include <stddef.h>
| #else
| # ifdef HAVE_STDLIB_H
| #  include <stdlib.h>
| # endif
| #endif
| #ifdef HAVE_STRING_H
| # if !defined STDC_HEADERS && defined HAVE_MEMORY_H
| #  include <memory.h>
| # endif
| # include <string.h>
| #endif
| #ifdef HAVE_STRINGS_H
| # include <strings.h>
| #endif
| #ifdef HAVE_INTTYPES_H
| # include <inttypes.h>
| #endif
| #ifdef HAVE_STDINT_H
| # include <stdint.h>
| #endif
| #ifdef HAVE_UNISTD_H
| # include <unistd.h>
| #endif
| int
| main ()
| {
| if (sizeof ((__builtin_va_list)))
| 	    return 0;
|   ;
|   return 0;
| }
configure:5066: result: yes
configure:5073: checking if __thread is a keyword
configure:5079: gcc -c -g -O2  conftest.c >&5
conftest.c:19:1: error: storage class specified for unnamed parameter
 int main(int __thread) { return 0; }
 ^~~
conftest.c: In function 'main':
conftest.c:19:1: error: parameter name omitted
configure:5079: $? = 1
configure: failed program was:
| /* confdefs.h */
| #define PACKAGE_NAME ""
| #define PACKAGE_TARNAME ""
| #define PACKAGE_VERSION ""
| #define PACKAGE_STRING ""
| #define PACKAGE_BUGREPORT ""
| #define PACKAGE_URL ""
| #define STDC_HEADERS 1
| #define HAVE_SYS_TYPES_H 1
| #define HAVE_SYS_STAT_H 1
| #define HAVE_STDLIB_H 1
| #define HAVE_STRING_H 1
| #define HAVE_MEMORY_H 1
| #define HAVE_STRINGS_H 1
| #define HAVE_INTTYPES_H 1
| #define HAVE_STDINT_H 1
| #define HAVE_UNISTD_H 1
| /* end confdefs.h.  */
| int main(int __thread) { return 0; }
configure:5085: result: true
configure:5090: checking if gcc adds underscores to assembly labels.
configure:5096: gcc -o conftest -g -O2   conftest.c  >&5
/tmp/ccg0H4G1.o: In function `main':
/home/baro/Documents/Goblint/cil/conftest.c:19: undefined reference to `_main'
collect2: error: ld returned 1 exit status
configure:5096: $? = 1
configure: failed program was:
| /* confdefs.h */
| #define PACKAGE_NAME ""
| #define PACKAGE_TARNAME ""
| #define PACKAGE_VERSION ""
| #define PACKAGE_STRING ""
| #define PACKAGE_BUGREPORT ""
| #define PACKAGE_URL ""
| #define STDC_HEADERS 1
| #define HAVE_SYS_TYPES_H 1
| #define HAVE_SYS_STAT_H 1
| #define HAVE_STDLIB_H 1
| #define HAVE_STRING_H 1
| #define HAVE_MEMORY_H 1
| #define HAVE_STRINGS_H 1
| #define HAVE_INTTYPES_H 1
| #define HAVE_STDINT_H 1
| #define HAVE_UNISTD_H 1
| /* end confdefs.h.  */
| int main() { __asm__("jmp _main"); }
configure:5103: result: false
configure:5111: checking for ANSI C header files
configure:5215: result: yes
configure:5226: checking for stdlib.h
configure:5226: result: yes
configure:5226: checking for strings.h
configure:5226: result: yes
configure:5226: checking sys/time.h usability
configure:5226: gcc -c -g -O2  conftest.c >&5
configure:5226: $? = 0
configure:5226: result: yes
configure:5226: checking sys/time.h presence
configure:5226: gcc -E  conftest.c
configure:5226: $? = 0
configure:5226: result: yes
configure:5226: checking for sys/time.h
configure:5226: result: yes
configure:5226: checking for unistd.h
configure:5226: result: yes
configure:5226: checking wchar.h usability
configure:5226: gcc -c -g -O2  conftest.c >&5
configure:5226: $? = 0
configure:5226: result: yes
configure:5226: checking wchar.h presence
configure:5226: gcc -E  conftest.c
configure:5226: $? = 0
configure:5226: result: yes
configure:5226: checking for wchar.h
configure:5226: result: yes
configure:5226: checking stdbool.h usability
configure:5226: gcc -c -g -O2  conftest.c >&5
configure:5226: $? = 0
configure:5226: result: yes
configure:5226: checking stdbool.h presence
configure:5226: gcc -E  conftest.c
configure:5226: $? = 0
configure:5226: result: yes
configure:5226: checking for stdbool.h
configure:5226: result: yes
configure:5226: checking quadmath.h usability
configure:5226: gcc -c -g -O2  conftest.c >&5
configure:5226: $? = 0
configure:5226: result: yes
configure:5226: checking quadmath.h presence
configure:5226: gcc -E  conftest.c
configure:5226: $? = 0
configure:5226: result: yes
configure:5226: checking for quadmath.h
configure:5226: result: yes
configure:5226: checking uchar.h usability
configure:5226: gcc -c -g -O2  conftest.c >&5
configure:5226: $? = 0
configure:5226: result: yes
configure:5226: checking uchar.h presence
configure:5226: gcc -E  conftest.c
configure:5226: $? = 0
configure:5226: result: yes
configure:5226: checking for uchar.h
configure:5226: result: yes
configure:5238: checking for an ANSI C-conforming const
configure:5304: gcc -c -g -O2  conftest.c >&5
configure:5304: $? = 0
configure:5311: result: yes
configure:5319: checking for inline
configure:5335: gcc -c -g -O2  conftest.c >&5
configure:5335: $? = 0
configure:5343: result: inline
configure:5361: checking whether time.h and sys/time.h may both be included
configure:5381: gcc -c -g -O2  conftest.c >&5
configure:5381: $? = 0
configure:5388: result: yes
configure:5397: checking for intptr_t
configure:5397: gcc -c -g -O2  conftest.c >&5
configure:5397: $? = 0
configure:5397: gcc -c -g -O2  conftest.c >&5
conftest.c: In function 'main':
conftest.c:65:23: error: expected expression before ')' token
 if (sizeof ((intptr_t)))
                       ^
configure:5397: $? = 1
configure: failed program was:
| /* confdefs.h */
| #define PACKAGE_NAME ""
| #define PACKAGE_TARNAME ""
| #define PACKAGE_VERSION ""
| #define PACKAGE_STRING ""
| #define PACKAGE_BUGREPORT ""
| #define PACKAGE_URL ""
| #define STDC_HEADERS 1
| #define HAVE_SYS_TYPES_H 1
| #define HAVE_SYS_STAT_H 1
| #define HAVE_STDLIB_H 1
| #define HAVE_STRING_H 1
| #define HAVE_MEMORY_H 1
| #define HAVE_STRINGS_H 1
| #define HAVE_INTTYPES_H 1
| #define HAVE_STDINT_H 1
| #define HAVE_UNISTD_H 1
| #define STDC_HEADERS 1
| #define HAVE_STDLIB_H 1
| #define HAVE_STRINGS_H 1
| #define HAVE_SYS_TIME_H 1
| #define HAVE_UNISTD_H 1
| #define HAVE_WCHAR_H 1
| #define HAVE_STDBOOL_H 1
| #define HAVE_QUADMATH_H 1
| #define HAVE_UCHAR_H 1
| #define TIME_WITH_SYS_TIME 1
| /* end confdefs.h.  */
| #include <stdio.h>
| #ifdef HAVE_SYS_TYPES_H
| # include <sys/types.h>
| #endif
| #ifdef HAVE_SYS_STAT_H
| # include <sys/stat.h>
| #endif
| #ifdef STDC_HEADERS
| # include <stdlib.h>
| # include <stddef.h>
| #else
| # ifdef HAVE_STDLIB_H
| #  include <stdlib.h>
| # endif
| #endif
| #ifdef HAVE_STRING_H
| # if !defined STDC_HEADERS && defined HAVE_MEMORY_H
| #  include <memory.h>
| # endif
| # include <string.h>
| #endif
| #ifdef HAVE_STRINGS_H
| # include <strings.h>
| #endif
| #ifdef HAVE_INTTYPES_H
| # include <inttypes.h>
| #endif
| #ifdef HAVE_STDINT_H
| # include <stdint.h>
| #endif
| #ifdef HAVE_UNISTD_H
| # include <unistd.h>
| #endif
| int
| main ()
| {
| if (sizeof ((intptr_t)))
| 	    return 0;
|   ;
|   return 0;
| }
configure:5397: result: yes
configure:5434: checking for working memcmp
configure:5477: gcc -o conftest -g -O2   conftest.c  >&5
configure:5477: $? = 0
configure:5477: ./conftest
configure:5477: $? = 0
configure:5487: result: yes
configure:5499: checking for mkdir
configure:5499: gcc -o conftest -g -O2   conftest.c  >&5
configure:5499: $? = 0
configure:5499: result: yes
configure:5499: checking for select
configure:5499: gcc -o conftest -g -O2   conftest.c  >&5
configure:5499: $? = 0
configure:5499: result: yes
configure:5499: checking for socket
configure:5499: gcc -o conftest -g -O2   conftest.c  >&5
configure:5499: $? = 0
configure:5499: result: yes
configure:5499: checking for __sysv_signal
configure:5499: gcc -o conftest -g -O2   conftest.c  >&5
configure:5499: $? = 0
configure:5499: result: yes
configure:5511: checking for real definition of size_t
configure:5529: gcc -c -g -O2  conftest.c >&5
conftest.c:42:8: error: conflicting types for 'foo'
 size_t foo(size_t x) { return x; }
        ^~~
conftest.c:41:5: note: previous declaration of 'foo' was here
 int foo(int x);
     ^~~
configure:5529: $? = 1
configure: failed program was:
| /* confdefs.h */
| #define PACKAGE_NAME ""
| #define PACKAGE_TARNAME ""
| #define PACKAGE_VERSION ""
| #define PACKAGE_STRING ""
| #define PACKAGE_BUGREPORT ""
| #define PACKAGE_URL ""
| #define STDC_HEADERS 1
| #define HAVE_SYS_TYPES_H 1
| #define HAVE_SYS_STAT_H 1
| #define HAVE_STDLIB_H 1
| #define HAVE_STRING_H 1
| #define HAVE_MEMORY_H 1
| #define HAVE_STRINGS_H 1
| #define HAVE_INTTYPES_H 1
| #define HAVE_STDINT_H 1
| #define HAVE_UNISTD_H 1
| #define STDC_HEADERS 1
| #define HAVE_STDLIB_H 1
| #define HAVE_STRINGS_H 1
| #define HAVE_SYS_TIME_H 1
| #define HAVE_UNISTD_H 1
| #define HAVE_WCHAR_H 1
| #define HAVE_STDBOOL_H 1
| #define HAVE_QUADMATH_H 1
| #define HAVE_UCHAR_H 1
| #define TIME_WITH_SYS_TIME 1
| #define HAVE_INTPTR_T 1
| #define HAVE_MKDIR 1
| #define HAVE_SELECT 1
| #define HAVE_SOCKET 1
| #define HAVE___SYSV_SIGNAL 1
| /* end confdefs.h.  */
| 
| #include <stddef.h>
| #include <wchar.h>
| #include <uchar.h>
| /* We define a prototype with one type and the function with
|    another type.  This will result in compilation error
|    unless the types are really identical. */
| int foo(int x);
| size_t foo(size_t x) { return x; }
configure:5549: gcc -c -g -O2  conftest.c >&5
conftest.c:42:8: error: conflicting types for 'foo'
 size_t foo(size_t x) { return x; }
        ^~~
conftest.c:41:14: note: previous declaration of 'foo' was here
 unsigned int foo(unsigned int x);
              ^~~
configure:5549: $? = 1
configure: failed program was:
| /* confdefs.h */
| #define PACKAGE_NAME ""
| #define PACKAGE_TARNAME ""
| #define PACKAGE_VERSION ""
| #define PACKAGE_STRING ""
| #define PACKAGE_BUGREPORT ""
| #define PACKAGE_URL ""
| #define STDC_HEADERS 1
| #define HAVE_SYS_TYPES_H 1
| #define HAVE_SYS_STAT_H 1
| #define HAVE_STDLIB_H 1
| #define HAVE_STRING_H 1
| #define HAVE_MEMORY_H 1
| #define HAVE_STRINGS_H 1
| #define HAVE_INTTYPES_H 1
| #define HAVE_STDINT_H 1
| #define HAVE_UNISTD_H 1
| #define STDC_HEADERS 1
| #define HAVE_STDLIB_H 1
| #define HAVE_STRINGS_H 1
| #define HAVE_SYS_TIME_H 1
| #define HAVE_UNISTD_H 1
| #define HAVE_WCHAR_H 1
| #define HAVE_STDBOOL_H 1
| #define HAVE_QUADMATH_H 1
| #define HAVE_UCHAR_H 1
| #define TIME_WITH_SYS_TIME 1
| #define HAVE_INTPTR_T 1
| #define HAVE_MKDIR 1
| #define HAVE_SELECT 1
| #define HAVE_SOCKET 1
| #define HAVE___SYSV_SIGNAL 1
| /* end confdefs.h.  */
| 
| #include <stddef.h>
| #include <wchar.h>
| #include <uchar.h>
| /* We define a prototype with one type and the function with
|    another type.  This will result in compilation error
|    unless the types are really identical. */
| unsigned int foo(unsigned int x);
| size_t foo(size_t x) { return x; }
configure:5571: gcc -c -g -O2  conftest.c >&5
conftest.c:42:8: error: conflicting types for 'foo'
 size_t foo(size_t x) { return x; }
        ^~~
conftest.c:41:6: note: previous declaration of 'foo' was here
 long foo(long x);
      ^~~
configure:5571: $? = 1
configure: failed program was:
| /* confdefs.h */
| #define PACKAGE_NAME ""
| #define PACKAGE_TARNAME ""
| #define PACKAGE_VERSION ""
| #define PACKAGE_STRING ""
| #define PACKAGE_BUGREPORT ""
| #define PACKAGE_URL ""
| #define STDC_HEADERS 1
| #define HAVE_SYS_TYPES_H 1
| #define HAVE_SYS_STAT_H 1
| #define HAVE_STDLIB_H 1
| #define HAVE_STRING_H 1
| #define HAVE_MEMORY_H 1
| #define HAVE_STRINGS_H 1
| #define HAVE_INTTYPES_H 1
| #define HAVE_STDINT_H 1
| #define HAVE_UNISTD_H 1
| #define STDC_HEADERS 1
| #define HAVE_STDLIB_H 1
| #define HAVE_STRINGS_H 1
| #define HAVE_SYS_TIME_H 1
| #define HAVE_UNISTD_H 1
| #define HAVE_WCHAR_H 1
| #define HAVE_STDBOOL_H 1
| #define HAVE_QUADMATH_H 1
| #define HAVE_UCHAR_H 1
| #define TIME_WITH_SYS_TIME 1
| #define HAVE_INTPTR_T 1
| #define HAVE_MKDIR 1
| #define HAVE_SELECT 1
| #define HAVE_SOCKET 1
| #define HAVE___SYSV_SIGNAL 1
| /* end confdefs.h.  */
| 
| #include <stddef.h>
| #include <wchar.h>
| #include <uchar.h>
| /* We define a prototype with one type and the function with
|    another type.  This will result in compilation error
|    unless the types are really identical. */
| long foo(long x);
| size_t foo(size_t x) { return x; }
configure:5591: gcc -c -g -O2  conftest.c >&5
configure:5591: $? = 0
configure:5732: result: unsigned long
configure:5736: checking for real definition of wchar_t
configure:5754: gcc -c -g -O2  conftest.c >&5
configure:5754: $? = 0
configure:5957: result: int
configure:5961: checking for real definition of char16_t
configure:5979: gcc -c -g -O2  conftest.c >&5
conftest.c:44:10: error: conflicting types for 'foo'
 char16_t foo(char16_t x) { return x; }
          ^~~
conftest.c:43:5: note: previous declaration of 'foo' was here
 int foo(int x);
     ^~~
configure:5979: $? = 1
configure: failed program was:
| /* confdefs.h */
| #define PACKAGE_NAME ""
| #define PACKAGE_TARNAME ""
| #define PACKAGE_VERSION ""
| #define PACKAGE_STRING ""
| #define PACKAGE_BUGREPORT ""
| #define PACKAGE_URL ""
| #define STDC_HEADERS 1
| #define HAVE_SYS_TYPES_H 1
| #define HAVE_SYS_STAT_H 1
| #define HAVE_STDLIB_H 1
| #define HAVE_STRING_H 1
| #define HAVE_MEMORY_H 1
| #define HAVE_STRINGS_H 1
| #define HAVE_INTTYPES_H 1
| #define HAVE_STDINT_H 1
| #define HAVE_UNISTD_H 1
| #define STDC_HEADERS 1
| #define HAVE_STDLIB_H 1
| #define HAVE_STRINGS_H 1
| #define HAVE_SYS_TIME_H 1
| #define HAVE_UNISTD_H 1
| #define HAVE_WCHAR_H 1
| #define HAVE_STDBOOL_H 1
| #define HAVE_QUADMATH_H 1
| #define HAVE_UCHAR_H 1
| #define TIME_WITH_SYS_TIME 1
| #define HAVE_INTPTR_T 1
| #define HAVE_MKDIR 1
| #define HAVE_SELECT 1
| #define HAVE_SOCKET 1
| #define HAVE___SYSV_SIGNAL 1
| #define TYPE_SIZE_T "unsigned long"
| #define TYPE_WCHAR_T "int"
| /* end confdefs.h.  */
| 
| #include <stddef.h>
| #include <wchar.h>
| #include <uchar.h>
| /* We define a prototype with one type and the function with
|    another type.  This will result in compilation error
|    unless the types are really identical. */
| int foo(int x);
| char16_t foo(char16_t x) { return x; }
configure:5999: gcc -c -g -O2  conftest.c >&5
conftest.c:44:10: error: conflicting types for 'foo'
 char16_t foo(char16_t x) { return x; }
          ^~~
conftest.c:43:14: note: previous declaration of 'foo' was here
 unsigned int foo(unsigned int x);
              ^~~
configure:5999: $? = 1
configure: failed program was:
| /* confdefs.h */
| #define PACKAGE_NAME ""
| #define PACKAGE_TARNAME ""
| #define PACKAGE_VERSION ""
| #define PACKAGE_STRING ""
| #define PACKAGE_BUGREPORT ""
| #define PACKAGE_URL ""
| #define STDC_HEADERS 1
| #define HAVE_SYS_TYPES_H 1
| #define HAVE_SYS_STAT_H 1
| #define HAVE_STDLIB_H 1
| #define HAVE_STRING_H 1
| #define HAVE_MEMORY_H 1
| #define HAVE_STRINGS_H 1
| #define HAVE_INTTYPES_H 1
| #define HAVE_STDINT_H 1
| #define HAVE_UNISTD_H 1
| #define STDC_HEADERS 1
| #define HAVE_STDLIB_H 1
| #define HAVE_STRINGS_H 1
| #define HAVE_SYS_TIME_H 1
| #define HAVE_UNISTD_H 1
| #define HAVE_WCHAR_H 1
| #define HAVE_STDBOOL_H 1
| #define HAVE_QUADMATH_H 1
| #define HAVE_UCHAR_H 1
| #define TIME_WITH_SYS_TIME 1
| #define HAVE_INTPTR_T 1
| #define HAVE_MKDIR 1
| #define HAVE_SELECT 1
| #define HAVE_SOCKET 1
| #define HAVE___SYSV_SIGNAL 1
| #define TYPE_SIZE_T "unsigned long"
| #define TYPE_WCHAR_T "int"
| /* end confdefs.h.  */
| 
| #include <stddef.h>
| #include <wchar.h>
| #include <uchar.h>
| /* We define a prototype with one type and the function with
|    another type.  This will result in compilation error
|    unless the types are really identical. */
| unsigned int foo(unsigned int x);
| char16_t foo(char16_t x) { return x; }
configure:6021: gcc -c -g -O2  conftest.c >&5
conftest.c:44:10: error: conflicting types for 'foo'
 char16_t foo(char16_t x) { return x; }
          ^~~
conftest.c:43:6: note: previous declaration of 'foo' was here
 long foo(long x);
      ^~~
configure:6021: $? = 1
configure: failed program was:
| /* confdefs.h */
| #define PACKAGE_NAME ""
| #define PACKAGE_TARNAME ""
| #define PACKAGE_VERSION ""
| #define PACKAGE_STRING ""
| #define PACKAGE_BUGREPORT ""
| #define PACKAGE_URL ""
| #define STDC_HEADERS 1
| #define HAVE_SYS_TYPES_H 1
| #define HAVE_SYS_STAT_H 1
| #define HAVE_STDLIB_H 1
| #define HAVE_STRING_H 1
| #define HAVE_MEMORY_H 1
| #define HAVE_STRINGS_H 1
| #define HAVE_INTTYPES_H 1
| #define HAVE_STDINT_H 1
| #define HAVE_UNISTD_H 1
| #define STDC_HEADERS 1
| #define HAVE_STDLIB_H 1
| #define HAVE_STRINGS_H 1
| #define HAVE_SYS_TIME_H 1
| #define HAVE_UNISTD_H 1
| #define HAVE_WCHAR_H 1
| #define HAVE_STDBOOL_H 1
| #define HAVE_QUADMATH_H 1
| #define HAVE_UCHAR_H 1
| #define TIME_WITH_SYS_TIME 1
| #define HAVE_INTPTR_T 1
| #define HAVE_MKDIR 1
| #define HAVE_SELECT 1
| #define HAVE_SOCKET 1
| #define HAVE___SYSV_SIGNAL 1
| #define TYPE_SIZE_T "unsigned long"
| #define TYPE_WCHAR_T "int"
| /* end confdefs.h.  */
| 
| #include <stddef.h>
| #include <wchar.h>
| #include <uchar.h>
| /* We define a prototype with one type and the function with
|    another type.  This will result in compilation error
|    unless the types are really identical. */
| long foo(long x);
| char16_t foo(char16_t x) { return x; }
configure:6041: gcc -c -g -O2  conftest.c >&5
conftest.c:44:10: error: conflicting types for 'foo'
 char16_t foo(char16_t x) { return x; }
          ^~~
conftest.c:43:15: note: previous declaration of 'foo' was here
 unsigned long foo(unsigned long x);
               ^~~
configure:6041: $? = 1
configure: failed program was:
| /* confdefs.h */
| #define PACKAGE_NAME ""
| #define PACKAGE_TARNAME ""
| #define PACKAGE_VERSION ""
| #define PACKAGE_STRING ""
| #define PACKAGE_BUGREPORT ""
| #define PACKAGE_URL ""
| #define STDC_HEADERS 1
| #define HAVE_SYS_TYPES_H 1
| #define HAVE_SYS_STAT_H 1
| #define HAVE_STDLIB_H 1
| #define HAVE_STRING_H 1
| #define HAVE_MEMORY_H 1
| #define HAVE_STRINGS_H 1
| #define HAVE_INTTYPES_H 1
| #define HAVE_STDINT_H 1
| #define HAVE_UNISTD_H 1
| #define STDC_HEADERS 1
| #define HAVE_STDLIB_H 1
| #define HAVE_STRINGS_H 1
| #define HAVE_SYS_TIME_H 1
| #define HAVE_UNISTD_H 1
| #define HAVE_WCHAR_H 1
| #define HAVE_STDBOOL_H 1
| #define HAVE_QUADMATH_H 1
| #define HAVE_UCHAR_H 1
| #define TIME_WITH_SYS_TIME 1
| #define HAVE_INTPTR_T 1
| #define HAVE_MKDIR 1
| #define HAVE_SELECT 1
| #define HAVE_SOCKET 1
| #define HAVE___SYSV_SIGNAL 1
| #define TYPE_SIZE_T "unsigned long"
| #define TYPE_WCHAR_T "int"
| /* end confdefs.h.  */
| 
| #include <stddef.h>
| #include <wchar.h>
| #include <uchar.h>
| /* We define a prototype with one type and the function with
|    another type.  This will result in compilation error
|    unless the types are really identical. */
| unsigned long foo(unsigned long x);
| char16_t foo(char16_t x) { return x; }
configure:6063: gcc -c -g -O2  conftest.c >&5
conftest.c:44:10: error: conflicting types for 'foo'
 char16_t foo(char16_t x) { return x; }
          ^~~
conftest.c:43:11: note: previous declaration of 'foo' was here
 long long foo(long long x);
           ^~~
configure:6063: $? = 1
configure: failed program was:
| /* confdefs.h */
| #define PACKAGE_NAME ""
| #define PACKAGE_TARNAME ""
| #define PACKAGE_VERSION ""
| #define PACKAGE_STRING ""
| #define PACKAGE_BUGREPORT ""
| #define PACKAGE_URL ""
| #define STDC_HEADERS 1
| #define HAVE_SYS_TYPES_H 1
| #define HAVE_SYS_STAT_H 1
| #define HAVE_STDLIB_H 1
| #define HAVE_STRING_H 1
| #define HAVE_MEMORY_H 1
| #define HAVE_STRINGS_H 1
| #define HAVE_INTTYPES_H 1
| #define HAVE_STDINT_H 1
| #define HAVE_UNISTD_H 1
| #define STDC_HEADERS 1
| #define HAVE_STDLIB_H 1
| #define HAVE_STRINGS_H 1
| #define HAVE_SYS_TIME_H 1
| #define HAVE_UNISTD_H 1
| #define HAVE_WCHAR_H 1
| #define HAVE_STDBOOL_H 1
| #define HAVE_QUADMATH_H 1
| #define HAVE_UCHAR_H 1
| #define TIME_WITH_SYS_TIME 1
| #define HAVE_INTPTR_T 1
| #define HAVE_MKDIR 1
| #define HAVE_SELECT 1
| #define HAVE_SOCKET 1
| #define HAVE___SYSV_SIGNAL 1
| #define TYPE_SIZE_T "unsigned long"
| #define TYPE_WCHAR_T "int"
| /* end confdefs.h.  */
| 
| #include <stddef.h>
| #include <wchar.h>
| #include <uchar.h>
| /* We define a prototype with one type and the function with
|    another type.  This will result in compilation error
|    unless the types are really identical. */
| long long foo(long long x);
| char16_t foo(char16_t x) { return x; }
configure:6083: gcc -c -g -O2  conftest.c >&5
conftest.c:44:10: error: conflicting types for 'foo'
 char16_t foo(char16_t x) { return x; }
          ^~~
conftest.c:43:20: note: previous declaration of 'foo' was here
 unsigned long long foo(unsigned long long x);
                    ^~~
configure:6083: $? = 1
configure: failed program was:
| /* confdefs.h */
| #define PACKAGE_NAME ""
| #define PACKAGE_TARNAME ""
| #define PACKAGE_VERSION ""
| #define PACKAGE_STRING ""
| #define PACKAGE_BUGREPORT ""
| #define PACKAGE_URL ""
| #define STDC_HEADERS 1
| #define HAVE_SYS_TYPES_H 1
| #define HAVE_SYS_STAT_H 1
| #define HAVE_STDLIB_H 1
| #define HAVE_STRING_H 1
| #define HAVE_MEMORY_H 1
| #define HAVE_STRINGS_H 1
| #define HAVE_INTTYPES_H 1
| #define HAVE_STDINT_H 1
| #define HAVE_UNISTD_H 1
| #define STDC_HEADERS 1
| #define HAVE_STDLIB_H 1
| #define HAVE_STRINGS_H 1
| #define HAVE_SYS_TIME_H 1
| #define HAVE_UNISTD_H 1
| #define HAVE_WCHAR_H 1
| #define HAVE_STDBOOL_H 1
| #define HAVE_QUADMATH_H 1
| #define HAVE_UCHAR_H 1
| #define TIME_WITH_SYS_TIME 1
| #define HAVE_INTPTR_T 1
| #define HAVE_MKDIR 1
| #define HAVE_SELECT 1
| #define HAVE_SOCKET 1
| #define HAVE___SYSV_SIGNAL 1
| #define TYPE_SIZE_T "unsigned long"
| #define TYPE_WCHAR_T "int"
| /* end confdefs.h.  */
| 
| #include <stddef.h>
| #include <wchar.h>
| #include <uchar.h>
| /* We define a prototype with one type and the function with
|    another type.  This will result in compilation error
|    unless the types are really identical. */
| unsigned long long foo(unsigned long long x);
| char16_t foo(char16_t x) { return x; }
configure:6105: gcc -c -g -O2  conftest.c >&5
conftest.c:44:10: error: conflicting types for 'foo'
 char16_t foo(char16_t x) { return x; }
          ^~~
conftest.c:43:7: note: previous declaration of 'foo' was here
 short foo(short x);
       ^~~
configure:6105: $? = 1
configure: failed program was:
| /* confdefs.h */
| #define PACKAGE_NAME ""
| #define PACKAGE_TARNAME ""
| #define PACKAGE_VERSION ""
| #define PACKAGE_STRING ""
| #define PACKAGE_BUGREPORT ""
| #define PACKAGE_URL ""
| #define STDC_HEADERS 1
| #define HAVE_SYS_TYPES_H 1
| #define HAVE_SYS_STAT_H 1
| #define HAVE_STDLIB_H 1
| #define HAVE_STRING_H 1
| #define HAVE_MEMORY_H 1
| #define HAVE_STRINGS_H 1
| #define HAVE_INTTYPES_H 1
| #define HAVE_STDINT_H 1
| #define HAVE_UNISTD_H 1
| #define STDC_HEADERS 1
| #define HAVE_STDLIB_H 1
| #define HAVE_STRINGS_H 1
| #define HAVE_SYS_TIME_H 1
| #define HAVE_UNISTD_H 1
| #define HAVE_WCHAR_H 1
| #define HAVE_STDBOOL_H 1
| #define HAVE_QUADMATH_H 1
| #define HAVE_UCHAR_H 1
| #define TIME_WITH_SYS_TIME 1
| #define HAVE_INTPTR_T 1
| #define HAVE_MKDIR 1
| #define HAVE_SELECT 1
| #define HAVE_SOCKET 1
| #define HAVE___SYSV_SIGNAL 1
| #define TYPE_SIZE_T "unsigned long"
| #define TYPE_WCHAR_T "int"
| /* end confdefs.h.  */
| 
| #include <stddef.h>
| #include <wchar.h>
| #include <uchar.h>
| /* We define a prototype with one type and the function with
|    another type.  This will result in compilation error
|    unless the types are really identical. */
| short foo(short x);
| char16_t foo(char16_t x) { return x; }
configure:6125: gcc -c -g -O2  conftest.c >&5
configure:6125: $? = 0
configure:6182: result: unsigned short
configure:6186: checking for real definition of char32_t
configure:6204: gcc -c -g -O2  conftest.c >&5
conftest.c:45:10: error: conflicting types for 'foo'
 char32_t foo(char32_t x) { return x; }
          ^~~
conftest.c:44:5: note: previous declaration of 'foo' was here
 int foo(int x);
     ^~~
configure:6204: $? = 1
configure: failed program was:
| /* confdefs.h */
| #define PACKAGE_NAME ""
| #define PACKAGE_TARNAME ""
| #define PACKAGE_VERSION ""
| #define PACKAGE_STRING ""
| #define PACKAGE_BUGREPORT ""
| #define PACKAGE_URL ""
| #define STDC_HEADERS 1
| #define HAVE_SYS_TYPES_H 1
| #define HAVE_SYS_STAT_H 1
| #define HAVE_STDLIB_H 1
| #define HAVE_STRING_H 1
| #define HAVE_MEMORY_H 1
| #define HAVE_STRINGS_H 1
| #define HAVE_INTTYPES_H 1
| #define HAVE_STDINT_H 1
| #define HAVE_UNISTD_H 1
| #define STDC_HEADERS 1
| #define HAVE_STDLIB_H 1
| #define HAVE_STRINGS_H 1
| #define HAVE_SYS_TIME_H 1
| #define HAVE_UNISTD_H 1
| #define HAVE_WCHAR_H 1
| #define HAVE_STDBOOL_H 1
| #define HAVE_QUADMATH_H 1
| #define HAVE_UCHAR_H 1
| #define TIME_WITH_SYS_TIME 1
| #define HAVE_INTPTR_T 1
| #define HAVE_MKDIR 1
| #define HAVE_SELECT 1
| #define HAVE_SOCKET 1
| #define HAVE___SYSV_SIGNAL 1
| #define TYPE_SIZE_T "unsigned long"
| #define TYPE_WCHAR_T "int"
| #define TYPE_CHAR16_T "unsigned short"
| /* end confdefs.h.  */
| 
| #include <stddef.h>
| #include <wchar.h>
| #include <uchar.h>
| /* We define a prototype with one type and the function with
|    another type.  This will result in compilation error
|    unless the types are really identical. */
| int foo(int x);
| char32_t foo(char32_t x) { return x; }
configure:6224: gcc -c -g -O2  conftest.c >&5
configure:6224: $? = 0
configure:6407: result: unsigned int
configure:6625: creating ./config.status

## ---------------------- ##
## Running config.status. ##
## ---------------------- ##

This file was extended by config.status, which was
generated by GNU Autoconf 2.69.  Invocation command line was

  CONFIG_FILES    = 
  CONFIG_HEADERS  = 
  CONFIG_LINKS    = 
  CONFIG_COMMANDS = 
  $ ./config.status 

on ubuntu

config.status:873: creating stamp-h
config.status:873: creating Makefile
config.status:873: creating config.mk
config.status:873: creating lib/perl5/App/Cilly/CilConfig.pm
config.status:873: creating doc/index.html
config.status:873: creating doc/header.html
config.status:873: creating src/machdep-ml.c
config.status:873: creating src/cilversion.ml
config.status:873: creating config.h
config.status:1048: config.h is unchanged

## ---------------- ##
## Cache variables. ##
## ---------------- ##

ac_cv_build=x86_64-unknown-linux-gnu
ac_cv_c_compiler_gnu=yes
ac_cv_c_const=yes
ac_cv_c_inline=inline
ac_cv_env_CC_set=
ac_cv_env_CC_value=
ac_cv_env_CFLAGS_set=
ac_cv_env_CFLAGS_value=
ac_cv_env_CPPFLAGS_set=
ac_cv_env_CPPFLAGS_value=
ac_cv_env_CPP_set=
ac_cv_env_CPP_value=
ac_cv_env_LDFLAGS_set=
ac_cv_env_LDFLAGS_value=
ac_cv_env_LIBS_set=
ac_cv_env_LIBS_value=
ac_cv_env_build_alias_set=
ac_cv_env_build_alias_value=
ac_cv_env_host_alias_set=
ac_cv_env_host_alias_value=
ac_cv_env_target_alias_set=
ac_cv_env_target_alias_value=
ac_cv_func___sysv_signal=yes
ac_cv_func_memcmp_working=yes
ac_cv_func_mkdir=yes
ac_cv_func_select=yes
ac_cv_func_socket=yes
ac_cv_header_inttypes_h=yes
ac_cv_header_memory_h=yes
ac_cv_header_quadmath_h=yes
ac_cv_header_stdbool_h=yes
ac_cv_header_stdc=yes
ac_cv_header_stdint_h=yes
ac_cv_header_stdlib_h=yes
ac_cv_header_string_h=yes
ac_cv_header_strings_h=yes
ac_cv_header_sys_stat_h=yes
ac_cv_header_sys_time_h=yes
ac_cv_header_sys_types_h=yes
ac_cv_header_time=yes
ac_cv_header_uchar_h=yes
ac_cv_header_unistd_h=yes
ac_cv_header_wchar_h=yes
ac_cv_host=x86_64-unknown-linux-gnu
ac_cv_objext=o
ac_cv_path_EGREP='/bin/grep -E'
ac_cv_path_GREP=/bin/grep
ac_cv_path_install='/usr/bin/install -c'
ac_cv_prog_CPP='gcc -E'
ac_cv_prog_ac_ct_CC=gcc
ac_cv_prog_ac_ct_OCAML=ocaml
ac_cv_prog_ac_ct_OCAMLBUILD=ocamlbuild
ac_cv_prog_ac_ct_OCAMLC=ocamlc
ac_cv_prog_ac_ct_OCAMLCDOTOPT=ocamlc.opt
ac_cv_prog_ac_ct_OCAMLDEP=ocamldep
ac_cv_prog_ac_ct_OCAMLDOC=ocamldoc
ac_cv_prog_ac_ct_OCAMLFIND=ocamlfind
ac_cv_prog_ac_ct_OCAMLLEX=ocamllex
ac_cv_prog_ac_ct_OCAMLLEXDOTOPT=ocamllex.opt
ac_cv_prog_ac_ct_OCAMLMKLIB=ocamlmklib
ac_cv_prog_ac_ct_OCAMLMKTOP=ocamlmktop
ac_cv_prog_ac_ct_OCAMLOPT=ocamlopt
ac_cv_prog_ac_ct_OCAMLOPTDOTOPT=ocamlopt.opt
ac_cv_prog_ac_ct_OCAMLYACC=ocamlyacc
ac_cv_prog_ac_ct_PERL=perl
ac_cv_prog_cc_c89=
ac_cv_prog_cc_g=yes
ac_cv_target=x86_64-unknown-linux-gnu
ac_cv_type___builtin_va_list=yes
ac_cv_type_intptr_t=yes

## ----------------- ##
## Output variables. ##
## ----------------- ##

CC='gcc'
CFLAGS='-g -O2'
CIL_VERSION='1.7.3'
CIL_VERSION_MAJOR='1'
CIL_VERSION_MINOR='7'
CIL_VERSION_REV='3'
CPP='gcc -E'
CPPFLAGS=''
CYGPATH=''
DEFAULT_CIL_MODE='GNUCC'
DEFAULT_COMPILER='_GNUCC'
DEFS='-DHAVE_CONFIG_H'
ECHO_C=''
ECHO_N='-n'
ECHO_T=''
EGREP='/bin/grep -E'
EMUL=''
EXEEXT=''
GREP='/bin/grep'
HAS_MSVC='no'
HAVE_BUILTIN_VA_LIST='true'
INSTALL_DATA='${INSTALL} -m 644'
INSTALL_PROGRAM='${INSTALL}'
INSTALL_SCRIPT='${INSTALL}'
LDFLAGS=''
LIBOBJS=''
LIBS=''
LTLIBOBJS=''
OBJEXT='o'
OCAML='ocaml'
OCAMLBEST='opt'
OCAMLBUILD='ocamlbuild'
OCAMLC='ocamlc.opt'
OCAMLCDOTOPT='ocamlc.opt'
OCAMLDEP='ocamldep'
OCAMLDOC='ocamldoc'
OCAMLFIND='ocamlfind'
OCAMLLEX='ocamllex.opt'
OCAMLLEXDOTOPT='ocamllex.opt'
OCAMLLIB='/usr/lib/ocaml'
OCAMLMKLIB='ocamlmklib'
OCAMLMKTOP='ocamlmktop'
OCAMLNATDYNLINK='yes'
OCAMLOPT='ocamlopt.opt'
OCAMLOPTDOTOPT='ocamlopt.opt'
OCAMLVERSION='4.05.0'
OCAMLYACC='ocamlyacc'
PACKAGE_BUGREPORT=''
PACKAGE_NAME=''
PACKAGE_STRING=''
PACKAGE_TARNAME=''
PACKAGE_URL=''
PACKAGE_VERSION=''
PATH_SEPARATOR=':'
PERL='perl'
SHELL='/bin/bash'
THREAD_IS_KEYWORD='true'
UNDERSCORE_NAME='false'
ac_ct_CC='gcc'
bindir='${exec_prefix}/bin'
build='x86_64-unknown-linux-gnu'
build_alias=''
build_cpu='x86_64'
build_os='linux-gnu'
build_vendor='unknown'
datadir='${datarootdir}'
datarootdir='${prefix}/share'
docdir='${datarootdir}/doc/${PACKAGE}'
dvidir='${docdir}'
exec_prefix='${prefix}'
host='x86_64-unknown-linux-gnu'
host_alias=''
host_cpu='x86_64'
host_os='linux-gnu'
host_vendor='unknown'
htmldir='${docdir}'
includedir='${prefix}/include'
infodir='${datarootdir}/info'
libdir='${exec_prefix}/lib'
libexecdir='${exec_prefix}/libexec'
localedir='${datarootdir}/locale'
localstatedir='${prefix}/var'
mandir='${datarootdir}/man'
oldincludedir='/usr/include'
pdfdir='${docdir}'
prefix='/usr/local'
program_transform_name='s,x,x,'
psdir='${docdir}'
runstatedir='${localstatedir}/run'
sbindir='${exec_prefix}/sbin'
sharedstatedir='${prefix}/com'
sysconfdir='${prefix}/etc'
target='x86_64-unknown-linux-gnu'
target_alias=''
target_cpu='x86_64'
target_os='linux-gnu'
target_vendor='unknown'

## ----------- ##
## confdefs.h. ##
## ----------- ##

/* confdefs.h */
#define PACKAGE_NAME ""
#define PACKAGE_TARNAME ""
#define PACKAGE_VERSION ""
#define PACKAGE_STRING ""
#define PACKAGE_BUGREPORT ""
#define PACKAGE_URL ""
#define STDC_HEADERS 1
#define HAVE_SYS_TYPES_H 1
#define HAVE_SYS_STAT_H 1
#define HAVE_STDLIB_H 1
#define HAVE_STRING_H 1
#define HAVE_MEMORY_H 1
#define HAVE_STRINGS_H 1
#define HAVE_INTTYPES_H 1
#define HAVE_STDINT_H 1
#define HAVE_UNISTD_H 1
#define STDC_HEADERS 1
#define HAVE_STDLIB_H 1
#define HAVE_STRINGS_H 1
#define HAVE_SYS_TIME_H 1
#define HAVE_UNISTD_H 1
#define HAVE_WCHAR_H 1
#define HAVE_STDBOOL_H 1
#define HAVE_QUADMATH_H 1
#define HAVE_UCHAR_H 1
#define TIME_WITH_SYS_TIME 1
#define HAVE_INTPTR_T 1
#define HAVE_MKDIR 1
#define HAVE_SELECT 1
#define HAVE_SOCKET 1
#define HAVE___SYSV_SIGNAL 1
#define TYPE_SIZE_T "unsigned long"
#define TYPE_WCHAR_T "int"
#define TYPE_CHAR16_T "unsigned short"
#define TYPE_CHAR32_T "unsigned int"

configure: exit 0
